<?xml version="1.0" encoding="UTF-8"?>
<testng-results ignored="0" total="3" passed="3" failed="0" skipped="0">
  <reporter-output>
  </reporter-output>
  <suite started-at="2024-07-12T13:23:56 WIB" name="Default suite" finished-at="2024-07-12T13:24:24 WIB" duration-ms="28370">
    <groups>
      <group name="cucumber">
        <method signature="AbstractTestNGCucumberTests.runScenario(io.cucumber.testng.PickleWrapper,io.cucumber.testng.FeatureWrapper)[pri:0, instance:com.juaracoding.test.SauceDemo.step_definitions.RunnerTest@4686afc2]" name="runScenario" class="io.cucumber.testng.AbstractTestNGCucumberTests"/>
      </group> <!-- cucumber -->
    </groups>
    <test started-at="2024-07-12T13:23:56 WIB" name="Default test" finished-at="2024-07-12T13:24:24 WIB" duration-ms="28370">
      <class name="com.juaracoding.test.SauceDemo.step_definitions.RunnerTest">
        <test-method is-config="true" signature="setUpClass(org.testng.ITestContext)[pri:0, instance:com.juaracoding.test.SauceDemo.step_definitions.RunnerTest@4686afc2]" started-at="2024-07-12T13:23:56 WIB" name="setUpClass" finished-at="2024-07-12T13:23:57 WIB" duration-ms="1151" status="PASS">
          <params>
            <param index="0">
              <value>
                <![CDATA[org.testng.TestRunner@1a500561]]>
              </value>
            </param>
          </params>
          <reporter-output>
          </reporter-output>
        </test-method> <!-- setUpClass -->
        <test-method signature="runScenario(io.cucumber.testng.PickleWrapper,io.cucumber.testng.FeatureWrapper)[pri:0, instance:com.juaracoding.test.SauceDemo.step_definitions.RunnerTest@4686afc2]" started-at="2024-07-12T13:23:57 WIB" name="runScenario" description="Runs Cucumber Scenarios" data-provider="scenarios" finished-at="2024-07-12T13:24:11 WIB" duration-ms="14091" status="PASS">
          <params>
            <param index="0">
              <value>
                <![CDATA["Field Username dan Password Benar"]]>
              </value>
            </param>
            <param index="1">
              <value>
                <![CDATA["User Login Admin"]]>
              </value>
            </param>
          </params>
          <reporter-output>
          </reporter-output>
        </test-method> <!-- runScenario -->
        <test-method signature="runScenario(io.cucumber.testng.PickleWrapper,io.cucumber.testng.FeatureWrapper)[pri:0, instance:com.juaracoding.test.SauceDemo.step_definitions.RunnerTest@4686afc2]" started-at="2024-07-12T13:24:11 WIB" name="runScenario" description="Runs Cucumber Scenarios" data-provider="scenarios" finished-at="2024-07-12T13:24:12 WIB" duration-ms="782" status="PASS">
          <params>
            <param index="0">
              <value>
                <![CDATA["Menambahkan Produk"]]>
              </value>
            </param>
            <param index="1">
              <value>
                <![CDATA["User Menambahkan Item Keranjang"]]>
              </value>
            </param>
          </params>
          <reporter-output>
          </reporter-output>
        </test-method> <!-- runScenario -->
        <test-method signature="runScenario(io.cucumber.testng.PickleWrapper,io.cucumber.testng.FeatureWrapper)[pri:0, instance:com.juaracoding.test.SauceDemo.step_definitions.RunnerTest@4686afc2]" started-at="2024-07-12T13:24:12 WIB" name="runScenario" description="Runs Cucumber Scenarios" data-provider="scenarios" finished-at="2024-07-12T13:24:12 WIB" duration-ms="546" status="PASS">
          <params>
            <param index="0">
              <value>
                <![CDATA["Logout pada halaman"]]>
              </value>
            </param>
            <param index="1">
              <value>
                <![CDATA["User Logout"]]>
              </value>
            </param>
          </params>
          <reporter-output>
          </reporter-output>
        </test-method> <!-- runScenario -->
        <test-method is-config="true" signature="tearDownClass()[pri:0, instance:com.juaracoding.test.SauceDemo.step_definitions.RunnerTest@4686afc2]" started-at="2024-07-12T13:24:12 WIB" name="tearDownClass" finished-at="2024-07-12T13:24:24 WIB" duration-ms="11700" status="PASS">
          <reporter-output>
          </reporter-output>
        </test-method> <!-- tearDownClass -->
      </class> <!-- com.juaracoding.test.SauceDemo.step_definitions.RunnerTest -->
    </test> <!-- Default test -->
  </suite> <!-- Default suite -->
</testng-results>
